{"/home/rodolphe/GildedRose-Refactoring-Kata/js-jest/src/gilded_rose.js": {"path":"/home/rodolphe/GildedRose-Refactoring-Kata/js-jest/src/gilded_rose.js","statementMap":{"0":{"start":{"line":4,"column":4},"end":{"line":4,"column":21}},"1":{"start":{"line":5,"column":4},"end":{"line":5,"column":25}},"2":{"start":{"line":6,"column":4},"end":{"line":6,"column":27}},"3":{"start":{"line":13,"column":4},"end":{"line":13,"column":23}},"4":{"start":{"line":17,"column":4},"end":{"line":64,"column":5}},"5":{"start":{"line":17,"column":17},"end":{"line":17,"column":18}},"6":{"start":{"line":18,"column":17},"end":{"line":18,"column":35}},"7":{"start":{"line":19,"column":20},"end":{"line":19,"column":41}},"8":{"start":{"line":20,"column":19},"end":{"line":20,"column":39}},"9":{"start":{"line":21,"column":6},"end":{"line":43,"column":7}},"10":{"start":{"line":22,"column":8},"end":{"line":26,"column":9}},"11":{"start":{"line":23,"column":10},"end":{"line":25,"column":11}},"12":{"start":{"line":24,"column":12},"end":{"line":24,"column":32}},"13":{"start":{"line":28,"column":8},"end":{"line":42,"column":9}},"14":{"start":{"line":29,"column":10},"end":{"line":29,"column":29}},"15":{"start":{"line":30,"column":10},"end":{"line":41,"column":11}},"16":{"start":{"line":31,"column":12},"end":{"line":35,"column":13}},"17":{"start":{"line":32,"column":14},"end":{"line":34,"column":15}},"18":{"start":{"line":33,"column":16},"end":{"line":33,"column":35}},"19":{"start":{"line":36,"column":12},"end":{"line":40,"column":13}},"20":{"start":{"line":37,"column":14},"end":{"line":39,"column":15}},"21":{"start":{"line":38,"column":16},"end":{"line":38,"column":35}},"22":{"start":{"line":44,"column":6},"end":{"line":46,"column":7}},"23":{"start":{"line":45,"column":8},"end":{"line":45,"column":28}},"24":{"start":{"line":47,"column":6},"end":{"line":63,"column":7}},"25":{"start":{"line":48,"column":8},"end":{"line":62,"column":9}},"26":{"start":{"line":49,"column":10},"end":{"line":57,"column":11}},"27":{"start":{"line":50,"column":12},"end":{"line":54,"column":13}},"28":{"start":{"line":51,"column":14},"end":{"line":53,"column":15}},"29":{"start":{"line":52,"column":16},"end":{"line":52,"column":36}},"30":{"start":{"line":56,"column":12},"end":{"line":56,"column":38}},"31":{"start":{"line":59,"column":10},"end":{"line":61,"column":11}},"32":{"start":{"line":60,"column":12},"end":{"line":60,"column":31}},"33":{"start":{"line":66,"column":4},"end":{"line":66,"column":22}},"34":{"start":{"line":70,"column":4},"end":{"line":70,"column":54}},"35":{"start":{"line":74,"column":4},"end":{"line":74,"column":54}},"36":{"start":{"line":83,"column":0},"end":{"line":86,"column":1}}},"fnMap":{"0":{"name":"(anonymous_0)","decl":{"start":{"line":3,"column":2},"end":{"line":3,"column":3}},"loc":{"start":{"line":3,"column":36},"end":{"line":7,"column":3}},"line":3},"1":{"name":"(anonymous_1)","decl":{"start":{"line":12,"column":2},"end":{"line":12,"column":3}},"loc":{"start":{"line":12,"column":23},"end":{"line":14,"column":3}},"line":12},"2":{"name":"(anonymous_2)","decl":{"start":{"line":16,"column":2},"end":{"line":16,"column":3}},"loc":{"start":{"line":16,"column":18},"end":{"line":67,"column":3}},"line":16},"3":{"name":"(anonymous_3)","decl":{"start":{"line":69,"column":2},"end":{"line":69,"column":3}},"loc":{"start":{"line":69,"column":16},"end":{"line":71,"column":3}},"line":69},"4":{"name":"(anonymous_4)","decl":{"start":{"line":73,"column":2},"end":{"line":73,"column":3}},"loc":{"start":{"line":73,"column":16},"end":{"line":75,"column":3}},"line":73},"5":{"name":"(anonymous_5)","decl":{"start":{"line":77,"column":2},"end":{"line":77,"column":3}},"loc":{"start":{"line":77,"column":14},"end":{"line":79,"column":3}},"line":77}},"branchMap":{"0":{"loc":{"start":{"line":12,"column":14},"end":{"line":12,"column":22}},"type":"default-arg","locations":[{"start":{"line":12,"column":20},"end":{"line":12,"column":22}}],"line":12},"1":{"loc":{"start":{"line":21,"column":6},"end":{"line":43,"column":7}},"type":"if","locations":[{"start":{"line":21,"column":6},"end":{"line":43,"column":7}},{"start":{"line":21,"column":6},"end":{"line":43,"column":7}}],"line":21},"2":{"loc":{"start":{"line":21,"column":10},"end":{"line":21,"column":59}},"type":"binary-expr","locations":[{"start":{"line":21,"column":10},"end":{"line":21,"column":29}},{"start":{"line":21,"column":33},"end":{"line":21,"column":59}}],"line":21},"3":{"loc":{"start":{"line":22,"column":8},"end":{"line":26,"column":9}},"type":"if","locations":[{"start":{"line":22,"column":8},"end":{"line":26,"column":9}},{"start":{"line":22,"column":8},"end":{"line":26,"column":9}}],"line":22},"4":{"loc":{"start":{"line":23,"column":10},"end":{"line":25,"column":11}},"type":"if","locations":[{"start":{"line":23,"column":10},"end":{"line":25,"column":11}},{"start":{"line":23,"column":10},"end":{"line":25,"column":11}}],"line":23},"5":{"loc":{"start":{"line":28,"column":8},"end":{"line":42,"column":9}},"type":"if","locations":[{"start":{"line":28,"column":8},"end":{"line":42,"column":9}},{"start":{"line":28,"column":8},"end":{"line":42,"column":9}}],"line":28},"6":{"loc":{"start":{"line":30,"column":10},"end":{"line":41,"column":11}},"type":"if","locations":[{"start":{"line":30,"column":10},"end":{"line":41,"column":11}},{"start":{"line":30,"column":10},"end":{"line":41,"column":11}}],"line":30},"7":{"loc":{"start":{"line":31,"column":12},"end":{"line":35,"column":13}},"type":"if","locations":[{"start":{"line":31,"column":12},"end":{"line":35,"column":13}},{"start":{"line":31,"column":12},"end":{"line":35,"column":13}}],"line":31},"8":{"loc":{"start":{"line":32,"column":14},"end":{"line":34,"column":15}},"type":"if","locations":[{"start":{"line":32,"column":14},"end":{"line":34,"column":15}},{"start":{"line":32,"column":14},"end":{"line":34,"column":15}}],"line":32},"9":{"loc":{"start":{"line":36,"column":12},"end":{"line":40,"column":13}},"type":"if","locations":[{"start":{"line":36,"column":12},"end":{"line":40,"column":13}},{"start":{"line":36,"column":12},"end":{"line":40,"column":13}}],"line":36},"10":{"loc":{"start":{"line":37,"column":14},"end":{"line":39,"column":15}},"type":"if","locations":[{"start":{"line":37,"column":14},"end":{"line":39,"column":15}},{"start":{"line":37,"column":14},"end":{"line":39,"column":15}}],"line":37},"11":{"loc":{"start":{"line":44,"column":6},"end":{"line":46,"column":7}},"type":"if","locations":[{"start":{"line":44,"column":6},"end":{"line":46,"column":7}},{"start":{"line":44,"column":6},"end":{"line":46,"column":7}}],"line":44},"12":{"loc":{"start":{"line":47,"column":6},"end":{"line":63,"column":7}},"type":"if","locations":[{"start":{"line":47,"column":6},"end":{"line":63,"column":7}},{"start":{"line":47,"column":6},"end":{"line":63,"column":7}}],"line":47},"13":{"loc":{"start":{"line":48,"column":8},"end":{"line":62,"column":9}},"type":"if","locations":[{"start":{"line":48,"column":8},"end":{"line":62,"column":9}},{"start":{"line":48,"column":8},"end":{"line":62,"column":9}}],"line":48},"14":{"loc":{"start":{"line":49,"column":10},"end":{"line":57,"column":11}},"type":"if","locations":[{"start":{"line":49,"column":10},"end":{"line":57,"column":11}},{"start":{"line":49,"column":10},"end":{"line":57,"column":11}}],"line":49},"15":{"loc":{"start":{"line":50,"column":12},"end":{"line":54,"column":13}},"type":"if","locations":[{"start":{"line":50,"column":12},"end":{"line":54,"column":13}},{"start":{"line":50,"column":12},"end":{"line":54,"column":13}}],"line":50},"16":{"loc":{"start":{"line":51,"column":14},"end":{"line":53,"column":15}},"type":"if","locations":[{"start":{"line":51,"column":14},"end":{"line":53,"column":15}},{"start":{"line":51,"column":14},"end":{"line":53,"column":15}}],"line":51},"17":{"loc":{"start":{"line":59,"column":10},"end":{"line":61,"column":11}},"type":"if","locations":[{"start":{"line":59,"column":10},"end":{"line":61,"column":11}},{"start":{"line":59,"column":10},"end":{"line":61,"column":11}}],"line":59}},"s":{"0":7,"1":7,"2":7,"3":1,"4":1,"5":1,"6":7,"7":7,"8":7,"9":7,"10":3,"11":3,"12":2,"13":4,"14":4,"15":4,"16":3,"17":3,"18":3,"19":3,"20":2,"21":2,"22":7,"23":6,"24":7,"25":3,"26":2,"27":1,"28":1,"29":1,"30":1,"31":1,"32":1,"33":1,"34":10,"35":3,"36":1},"f":{"0":7,"1":1,"2":1,"3":10,"4":3,"5":0},"b":{"0":[0],"1":[3,4],"2":[7,6],"3":[3,0],"4":[2,1],"5":[4,0],"6":[3,1],"7":[3,0],"8":[3,0],"9":[2,1],"10":[2,0],"11":[6,1],"12":[3,4],"13":[2,1],"14":[1,1],"15":[1,0],"16":[1,0],"17":[1,0]},"_coverageSchema":"43e27e138ebf9cfc5966b082cf9a028302ed4184","hash":"bc6d48d298f9bbcdb9f1682f12f3d974776ff13e"}
}
