TN:
SF:/home/rodolphe/GildedRose-Refactoring-Kata/js-jest/src/gilded_rose.js
FN:3,(anonymous_0)
FN:12,(anonymous_1)
FN:16,(anonymous_2)
FN:69,(anonymous_3)
FN:73,(anonymous_4)
FN:77,(anonymous_5)
FNF:6
FNH:5
FNDA:7,(anonymous_0)
FNDA:1,(anonymous_1)
FNDA:1,(anonymous_2)
FNDA:10,(anonymous_3)
FNDA:3,(anonymous_4)
FNDA:0,(anonymous_5)
DA:4,7
DA:5,7
DA:6,7
DA:13,1
DA:17,1
DA:18,7
DA:19,7
DA:20,7
DA:21,7
DA:22,3
DA:23,3
DA:24,2
DA:28,4
DA:29,4
DA:30,4
DA:31,3
DA:32,3
DA:33,3
DA:36,3
DA:37,2
DA:38,2
DA:44,7
DA:45,6
DA:47,7
DA:48,3
DA:49,2
DA:50,1
DA:51,1
DA:52,1
DA:56,1
DA:59,1
DA:60,1
DA:66,1
DA:70,10
DA:74,3
DA:83,1
LF:36
LH:36
BRDA:12,0,0,0
BRDA:21,1,0,3
BRDA:21,1,1,4
BRDA:21,2,0,7
BRDA:21,2,1,6
BRDA:22,3,0,3
BRDA:22,3,1,0
BRDA:23,4,0,2
BRDA:23,4,1,1
BRDA:28,5,0,4
BRDA:28,5,1,0
BRDA:30,6,0,3
BRDA:30,6,1,1
BRDA:31,7,0,3
BRDA:31,7,1,0
BRDA:32,8,0,3
BRDA:32,8,1,0
BRDA:36,9,0,2
BRDA:36,9,1,1
BRDA:37,10,0,2
BRDA:37,10,1,0
BRDA:44,11,0,6
BRDA:44,11,1,1
BRDA:47,12,0,3
BRDA:47,12,1,4
BRDA:48,13,0,2
BRDA:48,13,1,1
BRDA:49,14,0,1
BRDA:49,14,1,1
BRDA:50,15,0,1
BRDA:50,15,1,0
BRDA:51,16,0,1
BRDA:51,16,1,0
BRDA:59,17,0,1
BRDA:59,17,1,0
BRF:35
BRH:26
end_of_record
