TN:
SF:/home/rodolphe/GildedRose-Refactoring-Kata/js-jest/src/gilded_rose.js
FN:3,(anonymous_0)
FN:12,(anonymous_1)
FN:16,(anonymous_2)
FN:66,(anonymous_3)
FN:70,(anonymous_4)
FN:74,(anonymous_5)
FNF:6
FNH:6
FNDA:7,(anonymous_0)
FNDA:1,(anonymous_1)
FNDA:1,(anonymous_2)
FNDA:10,(anonymous_3)
FNDA:3,(anonymous_4)
FNDA:3,(anonymous_5)
DA:4,7
DA:5,7
DA:6,7
DA:13,1
DA:17,1
DA:18,7
DA:19,7
DA:20,7
DA:22,7
DA:23,3
DA:25,4
DA:26,4
DA:27,4
DA:28,3
DA:29,3
DA:30,3
DA:33,3
DA:34,2
DA:35,2
DA:41,7
DA:42,6
DA:44,7
DA:45,3
DA:46,2
DA:47,1
DA:48,1
DA:49,1
DA:53,1
DA:56,1
DA:57,1
DA:63,1
DA:67,10
DA:71,3
DA:75,3
DA:76,3
DA:77,2
DA:84,1
LF:37
LH:37
BRDA:12,0,0,0
BRDA:22,1,0,3
BRDA:22,1,1,4
BRDA:22,2,0,7
BRDA:22,2,1,6
BRDA:25,3,0,4
BRDA:25,3,1,0
BRDA:27,4,0,3
BRDA:27,4,1,1
BRDA:28,5,0,3
BRDA:28,5,1,0
BRDA:29,6,0,3
BRDA:29,6,1,0
BRDA:33,7,0,2
BRDA:33,7,1,1
BRDA:34,8,0,2
BRDA:34,8,1,0
BRDA:41,9,0,6
BRDA:41,9,1,1
BRDA:44,10,0,3
BRDA:44,10,1,4
BRDA:45,11,0,2
BRDA:45,11,1,1
BRDA:46,12,0,1
BRDA:46,12,1,1
BRDA:47,13,0,1
BRDA:47,13,1,0
BRDA:48,14,0,1
BRDA:48,14,1,0
BRDA:56,15,0,1
BRDA:56,15,1,0
BRDA:75,16,0,3
BRDA:75,16,1,0
BRDA:76,17,0,2
BRDA:76,17,1,1
BRF:35
BRH:26
end_of_record
